2022-07-22 23:00:25.620 ERROR 24764 --- [main] org.springframework.boot.SpringApplication - Application run failed
org.springframework.beans.factory.BeanCreationException: Error creating bean with name 'order' defined in class path resource [com/example/mqdemo/config/RocketMQTemplateConfig.class]: Invocation of init method failed; nested exception is org.apache.rocketmq.client.exception.MQClientException: The producer service state not OK, maybe started once, RUNNING
See http://rocketmq.apache.org/docs/faq/ for further details.
	at org.springframework.beans.factory.support.AbstractAutowireCapableBeanFactory.initializeBean(AbstractAutowireCapableBeanFactory.java:1804)
	at org.springframework.beans.factory.support.AbstractAutowireCapableBeanFactory.doCreateBean(AbstractAutowireCapableBeanFactory.java:620)
	at org.springframework.beans.factory.support.AbstractAutowireCapableBeanFactory.createBean(AbstractAutowireCapableBeanFactory.java:542)
	at org.springframework.beans.factory.support.AbstractBeanFactory.lambda$doGetBean$0(AbstractBeanFactory.java:335)
	at org.springframework.beans.factory.support.DefaultSingletonBeanRegistry.getSingleton(DefaultSingletonBeanRegistry.java:234)
	at org.springframework.beans.factory.support.AbstractBeanFactory.doGetBean(AbstractBeanFactory.java:333)
	at org.springframework.beans.factory.support.AbstractBeanFactory.getBean(AbstractBeanFactory.java:208)
	at org.springframework.beans.factory.support.DefaultListableBeanFactory.preInstantiateSingletons(DefaultListableBeanFactory.java:955)
	at org.springframework.context.support.AbstractApplicationContext.finishBeanFactoryInitialization(AbstractApplicationContext.java:918)
	at org.springframework.context.support.AbstractApplicationContext.refresh(AbstractApplicationContext.java:583)
	at org.springframework.boot.web.servlet.context.ServletWebServerApplicationContext.refresh(ServletWebServerApplicationContext.java:147)
	at org.springframework.boot.SpringApplication.refresh(SpringApplication.java:734)
	at org.springframework.boot.SpringApplication.refreshContext(SpringApplication.java:408)
	at org.springframework.boot.SpringApplication.run(SpringApplication.java:308)
	at org.springframework.boot.SpringApplication.run(SpringApplication.java:1306)
	at org.springframework.boot.SpringApplication.run(SpringApplication.java:1295)
	at com.example.mqdemo.MqdemoApplication.main(MqdemoApplication.java:10)
Caused by: org.apache.rocketmq.client.exception.MQClientException: The producer service state not OK, maybe started once, RUNNING
See http://rocketmq.apache.org/docs/faq/ for further details.
	at org.apache.rocketmq.client.impl.producer.DefaultMQProducerImpl.start(DefaultMQProducerImpl.java:226)
	at org.apache.rocketmq.client.impl.producer.DefaultMQProducerImpl.start(DefaultMQProducerImpl.java:187)
	at org.apache.rocketmq.client.producer.DefaultMQProducer.start(DefaultMQProducer.java:283)
	at org.apache.rocketmq.client.producer.TransactionMQProducer.start(TransactionMQProducer.java:61)
	at org.apache.rocketmq.spring.core.RocketMQTemplate.afterPropertiesSet(RocketMQTemplate.java:964)
	at org.springframework.beans.factory.support.AbstractAutowireCapableBeanFactory.invokeInitMethods(AbstractAutowireCapableBeanFactory.java:1863)
	at org.springframework.beans.factory.support.AbstractAutowireCapableBeanFactory.initializeBean(AbstractAutowireCapableBeanFactory.java:1800)
	... 16 common frames omitted
